This is e-pTeX, Version 3.14159265-p3.7.1-161114-2.6 (utf8.euc) (TeX Live 2017) (preloaded format=platex 2017.6.12)  9 NOV 2017 15:39
entering extended mode
 restricted \write18 enabled.
 file:line:error style messages enabled.
 %&-line parsing enabled.
**Setup_Observable.tex
(./Setup_Observable.tex
pLaTeX2e <2017/05/05> (based on LaTeX2e <2017-04-15>)
Babel <3.10> and hyphenation patterns for 84 language(s) loaded.
./Setup_Observable.tex:1: Undefined control sequence.
l.1 \chapter
            {Setup: Definition of Domain Wall Frictional Force}
The control sequence at the end of the top line
of your error message was never \def'ed. If you have
misspelled it (e.g., `\hobx'), type `I' and the correct
spelling (e.g., `I\hbox'). Otherwise just continue,
and I'll forget about whatever was undefined.


./Setup_Observable.tex:1: LaTeX Error: Missing \begin{document}.

See the LaTeX manual or LaTeX Companion for explanation.
Type  H <return>  for immediate help.
 ...                                              
                                                  
l.1 \chapter{S
              etup: Definition of Domain Wall Frictional Force}
You're in trouble here.  Try typing  <return>  to proceed.
If that doesn't work, type  X <return>  to quit.


Overfull \hbox (47.77785pt too wide) in paragraph at lines 1--2
[]\OT1/cmr/m/n/10 Setup:
 []


Overfull \hbox (18.47224pt too wide) in paragraph at lines 1--2
\OT1/cmr/m/n/10 Def-
 []


Overfull \hbox (6.11111pt too wide) in paragraph at lines 1--2
\OT1/cmr/m/n/10 i-
 []


Overfull \hbox (11.66669pt too wide) in paragraph at lines 1--2
\OT1/cmr/m/n/10 ni-
 []


Overfull \hbox (17.22227pt too wide) in paragraph at lines 1--2
\OT1/cmr/m/n/10 tion
 []


Overfull \hbox (8.05559pt too wide) in paragraph at lines 1--2
\OT1/cmr/m/n/10 of
 []


Overfull \hbox (15.97224pt too wide) in paragraph at lines 1--2
\OT1/cmr/m/n/10 Do-
 []


Overfull \hbox (21.66673pt too wide) in paragraph at lines 1--2
\OT1/cmr/m/n/10 main
 []


Overfull \hbox (20.00005pt too wide) in paragraph at lines 1--2
\OT1/cmr/m/n/10 Wall
 []


Overfull \hbox (20.16669pt too wide) in paragraph at lines 1--2
\OT1/cmr/m/n/10 Fric-
 []


Overfull \hbox (25.00008pt too wide) in paragraph at lines 1--2
\OT1/cmr/m/n/10 tional
 []


Overfull \hbox (23.50003pt too wide) in paragraph at lines 1--2
\OT1/cmr/m/n/10 Force 
 []


./Setup_Observable.tex:3: LaTeX Error: Missing \begin{document}.

See the LaTeX manual or LaTeX Companion for explanation.
Type  H <return>  for immediate help.
 ...                                              
                                                  
l.3 S
     etup of the Observable.
You're in trouble here.  Try typing  <return>  to proceed.
If that doesn't work, type  X <return>  to quit.

)
! Emergency stop.
<*> Setup_Observable.tex
                        
*** (job aborted, no legal \end found)

 
Here is how much of TeX's memory you used:
 4 strings out of 493653
 78 string characters out of 6148874
 54650 words of memory out of 5000000
 3690 multiletter control sequences out of 15000+600000
 7511 words of font info for 31 fonts, out of 8000000 for 9000
 929 hyphenation exceptions out of 8191
 5i,0n,4p,82b,16s stack positions out of 5000i,500n,10000p,200000b,80000s
No pages of output.
